Build started 03/11/2013 16:29:08.
     1>Project "C:\projects\AMG\AMG\AMG.vcxproj" on node 2 (Build target(s)).
     1>ClCompile:
         C:\Program Files (x86)\Microsoft Visual Studio 11.0\VC\bin\CL.exe /c /ZI /nologo /W3 /WX- /sdl /Od /Oy- /D _MBCS /Gm /EHsc /RTC1 /MDd /GS /fp:precise /Zc:wchar_t /Zc:forScope /Fo"Debug\\" /Fd"Debug\vc110.pdb" /Gd /TP /analyze- /errorReport:prompt "V-cycle.cpp"
         V-cycle.cpp
     1>c:\projects\amg\amg\v-cycle.cpp(21): warning C4244: 'return' : conversion from 'double' to 'int', possible loss of data
     1>c:\projects\amg\amg\v-cycle.cpp(44): warning C4244: 'argument' : conversion from 'double' to 'int', possible loss of data
     1>c:\projects\amg\amg\v-cycle.cpp(84): warning C4244: 'argument' : conversion from 'double' to 'int', possible loss of data
     1>c:\projects\amg\amg\v-cycle.cpp(116): warning C4244: 'argument' : conversion from 'double' to 'int', possible loss of data
       Link:
         C:\Program Files (x86)\Microsoft Visual Studio 11.0\VC\bin\link.exe /ERRORREPORT:PROMPT /OUT:"C:\projects\AMG\Debug\AMG.exe" /INCREMENTAL /NOLOGO kernel32.lib user32.lib gdi32.lib winspool.lib comdlg32.lib advapi32.lib shell32.lib ole32.lib oleaut32.lib uuid.lib odbc32.lib odbccp32.lib /MANIFEST /MANIFESTUAC:"level='asInvoker' uiAccess='false'" /manifest:embed /DEBUG /PDB:"C:\projects\AMG\Debug\AMG.pdb" /TLBID:1 /DYNAMICBASE /NXCOMPAT /IMPLIB:"C:\projects\AMG\Debug\AMG.lib" /MACHINE:X86 Debug\Grid.obj
         Debug\Smoother.obj
         Debug\Main.obj
         Debug\Tests.obj
         Debug\Utils.obj
         "Debug\V-cycle.obj"
         Debug\Worker.obj
         AMG.vcxproj -> C:\projects\AMG\Debug\AMG.exe
     1>Done Building Project "C:\projects\AMG\AMG\AMG.vcxproj" (Build target(s)).

Build succeeded.

Time Elapsed 00:00:01.69
